2025-05-12 23:44:08,647 - my_logger - INFO - Pipeline runner started at 2025-05-12 23:44:08
2025-05-12 23:44:09,800 - my_logger - INFO - 'dataset' returned: (   train_size (%)  train_size_count  validation_size (%)  validation_size_count  test_size (%)  test_size_coount  currentSE  differenceToPriorSE  differenceToPriorSE (%)
0            0.95           44680.0                0.025                 1176.0          0.025            1176.0   0.010412             0.010412                      inf
1            0.90           42329.0                0.050                 2352.0          0.050            2352.0   0.007363            -0.003050                -0.292893
2            0.85           39977.0                0.075                 3527.0          0.075            3527.0   0.006012            -0.001350                -0.183388
3            0.80           37626.0                0.100                 4703.0          0.100            4703.0   0.005207            -0.000806                -0.134005
4            0.75           35274.0                0.125                 5879.0          0.125            5879.0   0.004657            -0.000550                -0.105592
5            0.70           32922.0                0.150                 7055.0          0.150            7055.0   0.004251            -0.000406                -0.087142
6            0.65           30571.0                0.175                 8231.0          0.175            8231.0   0.003936            -0.000315                -0.074189
7            0.60           28219.0                0.200                 9406.0          0.200            9406.0   0.003682            -0.000254                -0.064543
8            0.55           25868.0                0.225                10582.0          0.225           10582.0   0.003471            -0.000211                -0.057202
9            0.50           23516.0                0.250                11758.0          0.250           11758.0   0.003293            -0.000178                -0.051326, {'Memory_PssTotal': {6520: 43041, 2425: 125178, 44969: 43428, 50354: 34651, 21242: 80981}, 'Memory_PssClean': {6520: 6544, 2425: 31456, 44969: 2288, 50354: 804, 21242: 32356}, 'Memory_SharedDirty': {6520: 12304, 2425: 12704, 44969: 10748, 50354: 11008, 21242: 10760}, 'Memory_PrivateDirty': {6520: 28616, 2425: 84372, 44969: 32624, 50354: 29224, 21242: 37032}, 'Memory_SharedClean': {6520: 93928, 2425: 85144, 44969: 84988, 50354: 73772, 21242: 92240}, 'Memory_PrivateClean': {6520: 6556, 2425: 32908, 44969: 4792, 50354: 812, 21242: 33756}, 'Memory_SwapPssDirty': {6520: 0, 2425: 0, 44969: 0, 50354: 0, 21242: 0}, 'Memory_HeapSize': {6520: 14237, 2425: 36882, 44969: 19668, 50354: 8070, 21242: 10749}, 'Memory_HeapAlloc': {6520: 12368, 2425: 29212, 44969: 16381, 50354: 6645, 21242: 9088}, 'Memory_HeapFree': {6520: 1868, 2425: 7669, 44969: 3286, 50354: 1424, 21242: 1660}, 'Memory_Views': {6520: 7, 2425: 62, 44969: 44, 50354: 0, 21242: 12}, 'Memory_ViewRootImpl': {6520: 1, 2425: 1, 44969: 3, 50354: 0, 21242: 0}, 'Memory_AppContexts': {6520: 5, 2425: 4, 44969: 5, 50354: 4, 21242: 4}, 'Memory_Activities': {6520: 1, 2425: 1, 44969: 2, 50354: 0, 21242: 1}, 'Memory_Assets': {6520: 2, 2425: 4, 44969: 2, 50354: 2, 21242: 4}, 'Memory_AssetManagers': {6520: 0, 2425: 0, 44969: 0, 50354: 0, 21242: 0}, 'Memory_LocalBinders': {6520: 16, 2425: 37, 44969: 11, 50354: 4, 21242: 14}, 'Memory_ProxyBinders': {6520: 29, 2425: 36, 44969: 29, 50354: 24, 21242: 29}, 'Memory_ParcelMemory': {6520: 8, 2425: 9, 44969: 6, 50354: 4, 21242: 11}, 'Memory_ParcelCount': {6520: 19, 2425: 36, 44969: 24, 50354: 16, 21242: 31}, 'Memory_DeathRecipients': {6520: 0, 2425: 3, 44969: 0, 50354: 0, 21242: 0}, 'Memory_OpenSSLSockets': {6520: 0, 2425: 0, 44969: 0, 50354: 0, 21242: 0}, 'Memory_WebViews': {6520: 0, 2425: 3, 44969: 0, 50354: 0, 21242: 1}, 'API_Process_android.os.Process_start': {6520: 0, 2425: 0, 44969: 0, 50354: 0, 21242: 0}, 'API_Process_android.app.ActivityManager_killBackgroundProcesses': {6520: 0, 2425: 0, 44969: 0, 50354: 0, 21242: 0}, 'API_Process_android.os.Process_killProcess': {6520: 0, 2425: 0, 44969: 0, 50354: 0, 21242: 0}, 'API_Command_java.lang.Runtime_exec': {6520: 0, 2425: 0, 44969: 0, 50354: 0, 21242: 144}, 'API_Command_java.lang.ProcessBuilder_start': {6520: 0, 2425: 0, 44969: 0, 50354: 0, 21242: 48}, 'API_JavaNativeInterface_java.lang.Runtime_loadLibrary': {6520: 0, 2425: 0, 44969: 0, 50354: 0, 21242: 0}, 'API_JavaNativeInterface_java.lang.Runtime_load': {6520: 0, 2425: 0, 44969: 0, 50354: 0, 21242: 0}, 'API_WebView_android.webkit.WebView_loadUrl': {6520: 0, 2425: 15, 44969: 0, 50354: 0, 21242: 0}, 'API_WebView_android.webkit.WebView_loadData': {6520: 0, 2425: 0, 44969: 0, 50354: 0, 21242: 0}, 'API_WebView_android.webkit.WebView_loadDataWithBaseURL': {6520: 0, 2425: 0, 44969: 0, 50354: 0, 21242: 0}, 'API_WebView_android.webkit.WebView_addJavascriptInterface': {6520: 0, 2425: 5, 44969: 0, 50354: 0, 21242: 0}, 'API_WebView_android.webkit.WebView_evaluateJavascript': {6520: 0, 2425: 0, 44969: 0, 50354: 0, 21242: 0}, 'API_WebView_android.webkit.WebView_postUrl': {6520: 0, 2425: 0, 44969: 0, 50354: 0, 21242: 0}, 'API_WebView_android.webkit.WebView_postWebMessage': {6520: 0, 2425: 0, 44969: 0, 50354: 0, 21242: 0}, 'API_WebView_android.webkit.WebView_savePassword': {6520: 0, 2425: 0, 44969: 0, 50354: 0, 21242: 0}, 'API_WebView_android.webkit.WebView_setHttpAuthUsernamePassword': {6520: 0, 2425: 0, 44969: 0, 50354: 0, 21242: 0}, 'API_WebView_android.webkit.WebView_getHttpAuthUsernamePassword': {6520: 0, 2425: 0, 44969: 0, 50354: 0, 21242: 0}, 'API_WebView_android.webkit.WebView_setWebContentsDebuggingEnabled': {6520: 0, 2425: 0, 44969: 0, 50354: 0, 21242: 0}, 'API_FileIO_libcore.io.IoBridge_open': {6520: 0, 2425: 3, 44969: 0, 50354: 0, 21242: 17}, 'API_FileIO_android.content.ContextWrapper_openFileInput': {6520: 0, 2425: 2, 44969: 0, 50354: 0, 21242: 12}, 'API_FileIO_android.content.ContextWrapper_openFileOutput': {6520: 1, 2425: 2, 44969: 0, 50354: 0, 21242: 0}, 'API_FileIO_android.content.ContextWrapper_deleteFile': {6520: 0, 2425: 0, 44969: 0, 50354: 0, 21242: 4}, 'API_Database_android.content.ContextWrapper_openOrCreateDatabase': {6520: 0, 2425: 0, 44969: 0, 50354: 0, 21242: 0}, 'API_Database_android.content.ContextWrapper_databaseList': {6520: 1, 2425: 0, 44969: 0, 50354: 0, 21242: 0}, 'API_Database_android.content.ContextWrapper_deleteDatabase': {6520: 0, 2425: 0, 44969: 0, 50354: 0, 21242: 0}, 'API_Database_android.database.sqlite.SQLiteDatabase_execSQL': {6520: 0, 2425: 0, 44969: 0, 50354: 0, 21242: 10}, 'API_Database_android.database.sqlite.SQLiteDatabase_deleteDatabase': {6520: 0, 2425: 0, 44969: 0, 50354: 0, 21242: 0}, 'API_Database_android.database.sqlite.SQLiteDatabase_getPath': {6520: 0, 2425: 0, 44969: 0, 50354: 0, 21242: 186}, 'API_Database_android.database.sqlite.SQLiteDatabase_insert': {6520: 0, 2425: 0, 44969: 0, 50354: 0, 21242: 0}, 'API_Database_android.database.sqlite.SQLiteDatabase_insertOrThrow': {6520: 0, 2425: 0, 44969: 0, 50354: 0, 21242: 0}, 'API_Database_android.database.sqlite.SQLiteDatabase_insertWithOnConflict': {6520: 0, 2425: 0, 44969: 0, 50354: 0, 21242: 0}, 'API_Database_android.database.sqlite.SQLiteDatabase_openDatabase': {6520: 0, 2425: 0, 44969: 0, 50354: 0, 21242: 60}, 'API_Database_android.database.sqlite.SQLiteDatabase_openOrCreateDatabase': {6520: 0, 2425: 0, 44969: 0, 50354: 0, 21242: 0}, 'API_Database_android.database.sqlite.SQLiteDatabase_query': {6520: 0, 2425: 0, 44969: 0, 50354: 0, 21242: 0}, 'API_Database_android.database.sqlite.SQLiteDatabase_queryWithFactory': {6520: 0, 2425: 0, 44969: 0, 50354: 0, 21242: 0}, 'API_Database_android.database.sqlite.SQLiteDatabase_rawQuery': {6520: 0, 2425: 0, 44969: 0, 50354: 0, 21242: 126}, 'API_Database_android.database.sqlite.SQLiteDatabase_rawQueryWithFactory': {6520: 0, 2425: 0, 44969: 0, 50354: 0, 21242: 126}, 'API_Database_android.database.sqlite.SQLiteDatabase_update': {6520: 0, 2425: 0, 44969: 0, 50354: 0, 21242: 0}, 'API_Database_android.database.sqlite.SQLiteDatabase_updateWithOnConflict': {6520: 0, 2425: 0, 44969: 0, 50354: 0, 21242: 0}, 'API_Database_android.database.sqlite.SQLiteDatabase_compileStatement': {6520: 0, 2425: 0, 44969: 0, 50354: 0, 21242: 60}, 'API_Database_android.database.sqlite.SQLiteDatabase_create': {6520: 0, 2425: 0, 44969: 0, 50354: 0, 21242: 0}, 'API_IPC_android.content.ContextWrapper_sendBroadcast': {6520: 0, 2425: 0, 44969: 0, 50354: 0, 21242: 19}, 'API_IPC_android.content.ContextWrapper_sendStickyBroadcast': {6520: 0, 2425: 0, 44969: 0, 50354: 0, 21242: 0}, 'API_IPC_android.content.ContextWrapper_startActivity': {6520: 0, 2425: 0, 44969: 0, 50354: 0, 21242: 0}, 'API_IPC_android.content.ContextWrapper_startService': {6520: 14, 2425: 0, 44969: 0, 50354: 1, 21242: 4}, 'API_IPC_android.content.ContextWrapper_stopService': {6520: 0, 2425: 0, 44969: 0, 50354: 0, 21242: 0}, 'API_IPC_android.content.ContextWrapper_registerReceiver': {6520: 17, 2425: 29, 44969: 0, 50354: 1, 21242: 195}, 'API_Binder_android.app.ContextImpl_registerReceiver': {6520: 34, 2425: 31, 44969: 0, 50354: 2, 21242: 195}, 'API_Binder_android.app.ActivityThread_handleReceiver': {6520: 0, 2425: 0, 44969: 0, 50354: 0, 21242: 18}, 'API_Binder_android.app.Activity_startActivity': {6520: 0, 2425: 0, 44969: 0, 50354: 0, 21242: 0}, 'API_Crypto_javax.crypto.spec.SecretKeySpec_$init': {6520: 0, 2425: 0, 44969: 0, 50354: 0, 21242: 487}, 'API_Crypto_javax.crypto.Cipher_doFinal': {6520: 0, 2425: 0, 44969: 0, 50354: 0, 21242: 504}, 'API_Crypto-Hash_java.security.MessageDigest_digest': {6520: 4, 2425: 257, 44969: 2, 50354: 2, 21242: 293}, 'API_Crypto-Hash_java.security.MessageDigest_update': {6520: 3, 2425: 155, 44969: 2, 50354: 2, 21242: 193}, 'API_DeviceInfo_android.telephony.TelephonyManager_getDeviceId': {6520: 0, 2425: 0, 44969: 4, 50354: 0, 21242: 174}, 'API_DeviceInfo_android.telephony.TelephonyManager_getSubscriberId': {6520: 0, 2425: 0, 44969: 0, 50354: 0, 21242: 164}, 'API_DeviceInfo_android.telephony.TelephonyManager_getLine1Number': {6520: 0, 2425: 0, 44969: 0, 50354: 0, 21242: 38}, 'API_DeviceInfo_android.telephony.TelephonyManager_getNetworkOperator': {6520: 0, 2425: 0, 44969: 0, 50354: 0, 21242: 0}, 'API_DeviceInfo_android.telephony.TelephonyManager_getNetworkOperatorName': {6520: 0, 2425: 0, 44969: 0, 50354: 0, 21242: 64}, 'API_DeviceInfo_android.telephony.TelephonyManager_getSimOperatorName': {6520: 0, 2425: 0, 44969: 0, 50354: 0, 21242: 0}, 'API_DeviceInfo_android.net.wifi.WifiInfo_getMacAddress': {6520: 0, 2425: 0, 44969: 0, 50354: 0, 21242: 21}, 'API_DeviceInfo_android.net.wifi.WifiInfo_getBSSID': {6520: 0, 2425: 0, 44969: 0, 50354: 0, 21242: 0}, 'API_DeviceInfo_android.net.wifi.WifiInfo_getIpAddress': {6520: 0, 2425: 0, 44969: 0, 50354: 0, 21242: 0}, 'API_DeviceInfo_android.net.wifi.WifiInfo_getNetworkId': {6520: 0, 2425: 0, 44969: 0, 50354: 0, 21242: 0}, 'API_DeviceInfo_android.telephony.TelephonyManager_getSimCountryIso': {6520: 0, 2425: 0, 44969: 0, 50354: 0, 21242: 0}, 'API_DeviceInfo_android.telephony.TelephonyManager_getSimSerialNumber': {6520: 0, 2425: 0, 44969: 0, 50354: 0, 21242: 0}, 'API_DeviceInfo_android.telephony.TelephonyManager_getNetworkCountryIso': {6520: 0, 2425: 3, 44969: 0, 50354: 0, 21242: 17}, 'API_DeviceInfo_android.telephony.TelephonyManager_getDeviceSoftwareVersion': {6520: 0, 2425: 0, 44969: 0, 50354: 0, 21242: 0}, 'API_DeviceInfo_android.os.Debug_isDebuggerConnected': {6520: 0, 2425: 0, 44969: 0, 50354: 0, 21242: 0}, 'API_DeviceInfo_android.content.pm.PackageManager_getInstallerPackageName': {6520: 0, 2425: 0, 44969: 0, 50354: 0, 21242: 0}, 'API_DeviceInfo_android.content.pm.PackageManager_getInstalledApplications': {6520: 0, 2425: 0, 44969: 0, 50354: 0, 21242: 0}, 'API_DeviceInfo_android.content.pm.PackageManager_getInstalledModules': {6520: 0, 2425: 0, 44969: 0, 50354: 0, 21242: 0}, 'API_DeviceInfo_android.content.pm.PackageManager_getInstalledPackages': {6520: 0, 2425: 0, 44969: 0, 50354: 0, 21242: 0}, 'API_Network_java.net.URL_openConnection': {6520: 34, 2425: 18, 44969: 0, 50354: 2, 21242: 59}, 'API_Network_org.apache.http.impl.client.AbstractHttpClient_execute': {6520: 0, 2425: 0, 44969: 0, 50354: 0, 21242: 0}, 'API_Network_com.android.okhttp.internal.huc.HttpURLConnectionImpl_getInputStream': {6520: 18, 2425: 2, 44969: 0, 50354: 0, 21242: 18}, 'API_Network_com.android.okhttp.internal.http.HttpURLConnectionImpl_getInputStream': {6520: 0, 2425: 0, 44969: 0, 50354: 0, 21242: 0}, 'API_DexClassLoader_dalvik.system.BaseDexClassLoader_findResource': {6520: 1, 2425: 0, 44969: 7, 50354: 0, 21242: 0}, 'API_DexClassLoader_dalvik.system.BaseDexClassLoader_findResources': {6520: 0, 2425: 0, 44969: 0, 50354: 0, 21242: 0}, 'API_DexClassLoader_dalvik.system.BaseDexClassLoader_findLibrary': {6520: 0, 2425: 2, 44969: 0, 50354: 0, 21242: 54}, 'API_DexClassLoader_dalvik.system.DexFile_loadDex': {6520: 0, 2425: 0, 44969: 0, 50354: 0, 21242: 0}, 'API_DexClassLoader_dalvik.system.DexFile_loadClass': {6520: 0, 2425: 0, 44969: 0, 50354: 0, 21242: 0}, 'API_DexClassLoader_dalvik.system.DexClassLoader_$init': {6520: 0, 2425: 0, 44969: 0, 50354: 0, 21242: 0}, 'API_Base64_android.util.Base64_decode': {6520: 0, 2425: 2, 44969: 0, 50354: 0, 21242: 36}, 'API_Base64_android.util.Base64_encode': {6520: 0, 2425: 0, 44969: 0, 50354: 0, 21242: 65}, 'API_Base64_android.util.Base64_encodeToString': {6520: 0, 2425: 0, 44969: 0, 50354: 0, 21242: 65}, 'API_SystemManager_android.app.ApplicationPackageManager_setComponentEnabledSetting': {6520: 0, 2425: 0, 44969: 0, 50354: 0, 21242: 0}, 'API_SystemManager_android.app.NotificationManager_notify': {6520: 0, 2425: 0, 44969: 0, 50354: 0, 21242: 0}, 'API_SystemManager_android.telephony.TelephonyManager_listen': {6520: 0, 2425: 0, 44969: 0, 50354: 0, 21242: 0}, 'API_SystemManager_android.content.BroadcastReceiver_abortBroadcast': {6520: 0, 2425: 0, 44969: 0, 50354: 0, 21242: 0}, 'API_SMS_android.telephony.SmsManager_sendTextMessage': {6520: 0, 2425: 0, 44969: 0, 50354: 0, 21242: 0}, 'API_SMS_android.telephony.SmsManager_sendMultipartTextMessage': {6520: 0, 2425: 0, 44969: 0, 50354: 0, 21242: 0}, 'API_DeviceData_android.content.ContentResolver_query': {6520: 0, 2425: 0, 44969: 0, 50354: 0, 21242: 0}, 'API_DeviceData_android.content.ContentResolver_registerContentObserver': {6520: 0, 2425: 20, 44969: 0, 50354: 0, 21242: 0}, 'API_DeviceData_android.content.ContentResolver_insert': {6520: 0, 2425: 0, 44969: 0, 50354: 0, 21242: 0}, 'API_DeviceData_android.content.ContentResolver_delete': {6520: 0, 2425: 0, 44969: 0, 50354: 0, 21242: 0}, 'API_DeviceData_android.accounts.AccountManager_getAccountsByType': {6520: 0, 2425: 0, 44969: 0, 50354: 0, 21242: 0}, 'API_DeviceData_android.accounts.AccountManager_getAccounts': {6520: 0, 2425: 0, 44969: 0, 50354: 0, 21242: 0}, 'API_DeviceData_android.location.Location_getLatitude': {6520: 0, 2425: 0, 44969: 0, 50354: 0, 21242: 0}, 'API_DeviceData_android.location.Location_getLongitude': {6520: 0, 2425: 0, 44969: 0, 50354: 0, 21242: 0}, 'API_DeviceData_android.media.AudioRecord_startRecording': {6520: 0, 2425: 0, 44969: 0, 50354: 0, 21242: 0}, 'API_DeviceData_android.media.MediaRecorder_start': {6520: 0, 2425: 0, 44969: 0, 50354: 0, 21242: 0}, 'API_DeviceData_android.os.SystemProperties_get': {6520: 19, 2425: 4, 44969: 2, 50354: 32, 21242: 115}, 'API_DeviceData_android.app.ApplicationPackageManager_getInstalledPackages': {6520: 0, 2425: 0, 44969: 0, 50354: 0, 21242: 19}, 'API__sessions': {6520: 17, 2425: 1, 44969: 1, 50354: 1, 21242: 17}, 'Network_TotalReceivedBytes': {6520: 19760, 2425: 395700, 44969: 0, 50354: 0, 21242: 0}, 'Network_TotalReceivedPackets': {6520: 85, 2425: 500, 44969: 0, 50354: 0, 21242: 0}, 'Network_TotalTransmittedBytes': {6520: 8654, 2425: 61816, 44969: 720, 50354: 0, 21242: 0}, 'Network_TotalTransmittedPackets': {6520: 103, 2425: 512, 44969: 12, 50354: 0, 21242: 0}, 'Battery_wakelock': {6520: 3, 2425: 3, 44969: 3, 50354: 4, 21242: 4}, 'Battery_service': {6520: 2, 2425: 0, 44969: 0, 50354: 1, 21242: 1}, 'Logcat_info': {6520: 3024, 2425: 1724, 44969: 1376, 50354: 1468, 21242: 1271}, 'Logcat_error': {6520: 4730, 2425: 2295, 44969: 649, 50354: 466, 21242: 4007}, 'Logcat_warning': {6520: 1510, 2425: 752, 44969: 1478, 50354: 4828, 21242: 3247}, 'Logcat_debug': {6520: 1127, 2425: 11157, 44969: 2121, 50354: 1355, 21242: 1885}, 'Logcat_verbose': {6520: 4815, 2425: 1514, 44969: 1709, 50354: 1511, 21242: 4913}, 'Logcat_total': {6520: 15206, 2425: 17442, 44969: 7333, 50354: 9628, 21242: 15323}, 'Process_total': {6520: 186, 2425: 190, 44969: 187, 50354: 188, 21242: 183}, 'Reboot': {6520: 'before', 2425: 'before', 44969: 'before', 50354: 'before', 21242: 'before'}})
2025-05-12 23:44:39,177 - my_logger - INFO - 'data_preprocessing' returned: {'not_baseline': {'ensembled': 'Handled missing values : No missing values found in the dataset; Duplicates analyzed : There are 0 duplicates in the dataset; Outliers detected by percentile : None; Features scaled with robust : Successfully scaled 142 features. Plotted distributions for the first 5 features.\nTo check the results run:\n your_pipeline.dataset.X_train.head(); Class imbalance: Successfully balanced classes via SMOTE. Started with a 0.02:1 ratio; now 1:1.', 'tree_based': 'Handled missing values : No missing values found in the dataset; Duplicates analyzed : There are 0 duplicates in the dataset; Outliers detected by percentile : None; Features scaled with no_scaler : No scaling performed; Class imbalance: Successfully balanced classes via SMOTE. Started with a 0.02:1 ratio; now 1:1.', 'support_vector_machine': 'Handled missing values : No missing values found in the dataset; Duplicates analyzed : There are 0 duplicates in the dataset; Outliers detected by percentile : None; Features scaled with robust : Successfully scaled 142 features. Plotted distributions for the first 5 features.\nTo check the results run:\n your_pipeline.dataset.X_train.head(); Class imbalance: Successfully balanced classes via SMOTE. Started with a 0.02:1 ratio; now 1:1.', 'naive_bayes': 'Handled missing values : No missing values found in the dataset; Duplicates analyzed : There are 0 duplicates in the dataset; Outliers detected by percentile : None; Features scaled with standard : Successfully scaled 142 features. Plotted distributions for the first 5 features.\nTo check the results run:\n your_pipeline.dataset.X_train.head(); Class imbalance: Successfully balanced classes via SMOTE. Started with a 0.02:1 ratio; now 1:1.', 'feed_forward_neural_network': 'Handled missing values : No missing values found in the dataset; Duplicates analyzed : There are 0 duplicates in the dataset; Outliers detected by percentile : None; Features scaled with robust : Successfully scaled 142 features. Plotted distributions for the first 5 features.\nTo check the results run:\n your_pipeline.dataset.X_train.head(); Class imbalance: Successfully balanced classes via SMOTE. Started with a 0.02:1 ratio; now 1:1.', 'stacking': 'Handled missing values : No missing values found in the dataset; Duplicates analyzed : There are 0 duplicates in the dataset; Outliers detected by percentile : None; Features scaled with robust : Successfully scaled 142 features. Plotted distributions for the first 5 features.\nTo check the results run:\n your_pipeline.dataset.X_train.head(); Class imbalance: No imbalancer performed'}, 'baseline': {'baselines': 'Handled missing values : No missing values found in the dataset; Duplicates analyzed : There are 0 duplicates in the dataset; Outliers detected by percentile : None; Features scaled with robust : Successfully scaled 142 features. Plotted distributions for the first 5 features.\nTo check the results run:\n your_pipeline.dataset.X_train.head(); Class imbalance: Successfully balanced classes via SMOTE. Started with a 0.02:1 ratio; now 1:1.'}}
2025-05-12 23:45:56,809 - my_logger - INFO - 'feature_analysis' returned: {'feature_transformation_results': None, 'manual_feature_selection_results': None, 'automatic_feature_selection_results': None}
2025-05-12 23:48:27,697 - my_logger - INFO - 'modelling' returned: {'pre_tuning_runner': ({'id': {0: '4befebefd4f4f643dc75a7afad2b5e224a9bcf5a19eefab966ac17ee131036a7'}, 'timeStamp': {0: '2025-05-12 23:46:50'}, 'comments': {0: 'UPDATED KAPPA NAME IN THE CSV, ONE SECOND TIME'}, 'modelName': {0: 'Majority Class (baseline)'}, 'currentPhase': {0: 'pre'}, 'features_used': {0: ['Memory_PssTotal', 'Memory_PssClean', 'Memory_SharedDirty', 'Memory_PrivateDirty', 'Memory_SharedClean', 'Memory_PrivateClean', 'Memory_SwapPssDirty', 'Memory_HeapSize', 'Memory_HeapAlloc', 'Memory_HeapFree', 'Memory_Views', 'Memory_ViewRootImpl', 'Memory_AppContexts', 'Memory_Activities', 'Memory_Assets', 'Memory_AssetManagers', 'Memory_LocalBinders', 'Memory_ProxyBinders', 'Memory_ParcelMemory', 'Memory_ParcelCount', 'Memory_DeathRecipients', 'Memory_OpenSSLSockets', 'Memory_WebViews', 'API_Process_android.os.Process_start', 'API_Process_android.app.ActivityManager_killBackgroundProcesses', 'API_Process_android.os.Process_killProcess', 'API_Command_java.lang.Runtime_exec', 'API_Command_java.lang.ProcessBuilder_start', 'API_JavaNativeInterface_java.lang.Runtime_loadLibrary', 'API_JavaNativeInterface_java.lang.Runtime_load', 'API_WebView_android.webkit.WebView_loadUrl', 'API_WebView_android.webkit.WebView_loadData', 'API_WebView_android.webkit.WebView_loadDataWithBaseURL', 'API_WebView_android.webkit.WebView_addJavascriptInterface', 'API_WebView_android.webkit.WebView_evaluateJavascript', 'API_WebView_android.webkit.WebView_postUrl', 'API_WebView_android.webkit.WebView_postWebMessage', 'API_WebView_android.webkit.WebView_savePassword', 'API_WebView_android.webkit.WebView_setHttpAuthUsernamePassword', 'API_WebView_android.webkit.WebView_getHttpAuthUsernamePassword', 'API_WebView_android.webkit.WebView_setWebContentsDebuggingEnabled', 'API_FileIO_libcore.io.IoBridge_open', 'API_FileIO_android.content.ContextWrapper_openFileInput', 'API_FileIO_android.content.ContextWrapper_openFileOutput', 'API_FileIO_android.content.ContextWrapper_deleteFile', 'API_Database_android.content.ContextWrapper_openOrCreateDatabase', 'API_Database_android.content.ContextWrapper_databaseList', 'API_Database_android.content.ContextWrapper_deleteDatabase', 'API_Database_android.database.sqlite.SQLiteDatabase_execSQL', 'API_Database_android.database.sqlite.SQLiteDatabase_deleteDatabase', 'API_Database_android.database.sqlite.SQLiteDatabase_getPath', 'API_Database_android.database.sqlite.SQLiteDatabase_insert', 'API_Database_android.database.sqlite.SQLiteDatabase_insertOrThrow', 'API_Database_android.database.sqlite.SQLiteDatabase_insertWithOnConflict', 'API_Database_android.database.sqlite.SQLiteDatabase_openDatabase', 'API_Database_android.database.sqlite.SQLiteDatabase_openOrCreateDatabase', 'API_Database_android.database.sqlite.SQLiteDatabase_query', 'API_Database_android.database.sqlite.SQLiteDatabase_queryWithFactory', 'API_Database_android.database.sqlite.SQLiteDatabase_rawQuery', 'API_Database_android.database.sqlite.SQLiteDatabase_rawQueryWithFactory', 'API_Database_android.database.sqlite.SQLiteDatabase_update', 'API_Database_android.database.sqlite.SQLiteDatabase_updateWithOnConflict', 'API_Database_android.database.sqlite.SQLiteDatabase_compileStatement', 'API_Database_android.database.sqlite.SQLiteDatabase_create', 'API_IPC_android.content.ContextWrapper_sendBroadcast', 'API_IPC_android.content.ContextWrapper_sendStickyBroadcast', 'API_IPC_android.content.ContextWrapper_startActivity', 'API_IPC_android.content.ContextWrapper_startService', 'API_IPC_android.content.ContextWrapper_stopService', 'API_IPC_android.content.ContextWrapper_registerReceiver', 'API_Binder_android.app.ContextImpl_registerReceiver', 'API_Binder_android.app.ActivityThread_handleReceiver', 'API_Binder_android.app.Activity_startActivity', 'API_Crypto_javax.crypto.spec.SecretKeySpec_$init', 'API_Crypto_javax.crypto.Cipher_doFinal', 'API_Crypto-Hash_java.security.MessageDigest_digest', 'API_Crypto-Hash_java.security.MessageDigest_update', 'API_DeviceInfo_android.telephony.TelephonyManager_getDeviceId', 'API_DeviceInfo_android.telephony.TelephonyManager_getSubscriberId', 'API_DeviceInfo_android.telephony.TelephonyManager_getLine1Number', 'API_DeviceInfo_android.telephony.TelephonyManager_getNetworkOperator', 'API_DeviceInfo_android.telephony.TelephonyManager_getNetworkOperatorName', 'API_DeviceInfo_android.telephony.TelephonyManager_getSimOperatorName', 'API_DeviceInfo_android.net.wifi.WifiInfo_getMacAddress', 'API_DeviceInfo_android.net.wifi.WifiInfo_getBSSID', 'API_DeviceInfo_android.net.wifi.WifiInfo_getIpAddress', 'API_DeviceInfo_android.net.wifi.WifiInfo_getNetworkId', 'API_DeviceInfo_android.telephony.TelephonyManager_getSimCountryIso', 'API_DeviceInfo_android.telephony.TelephonyManager_getSimSerialNumber', 'API_DeviceInfo_android.telephony.TelephonyManager_getNetworkCountryIso', 'API_DeviceInfo_android.telephony.TelephonyManager_getDeviceSoftwareVersion', 'API_DeviceInfo_android.os.Debug_isDebuggerConnected', 'API_DeviceInfo_android.content.pm.PackageManager_getInstallerPackageName', 'API_DeviceInfo_android.content.pm.PackageManager_getInstalledApplications', 'API_DeviceInfo_android.content.pm.PackageManager_getInstalledModules', 'API_DeviceInfo_android.content.pm.PackageManager_getInstalledPackages', 'API_Network_java.net.URL_openConnection', 'API_Network_org.apache.http.impl.client.AbstractHttpClient_execute', 'API_Network_com.android.okhttp.internal.huc.HttpURLConnectionImpl_getInputStream', 'API_Network_com.android.okhttp.internal.http.HttpURLConnectionImpl_getInputStream', 'API_DexClassLoader_dalvik.system.BaseDexClassLoader_findResource', 'API_DexClassLoader_dalvik.system.BaseDexClassLoader_findResources', 'API_DexClassLoader_dalvik.system.BaseDexClassLoader_findLibrary', 'API_DexClassLoader_dalvik.system.DexFile_loadDex', 'API_DexClassLoader_dalvik.system.DexFile_loadClass', 'API_DexClassLoader_dalvik.system.DexClassLoader_$init', 'API_Base64_android.util.Base64_decode', 'API_Base64_android.util.Base64_encode', 'API_Base64_android.util.Base64_encodeToString', 'API_SystemManager_android.app.ApplicationPackageManager_setComponentEnabledSetting', 'API_SystemManager_android.app.NotificationManager_notify', 'API_SystemManager_android.telephony.TelephonyManager_listen', 'API_SystemManager_android.content.BroadcastReceiver_abortBroadcast', 'API_SMS_android.telephony.SmsManager_sendTextMessage', 'API_SMS_android.telephony.SmsManager_sendMultipartTextMessage', 'API_DeviceData_android.content.ContentResolver_query', 'API_DeviceData_android.content.ContentResolver_registerContentObserver', 'API_DeviceData_android.content.ContentResolver_insert', 'API_DeviceData_android.content.ContentResolver_delete', 'API_DeviceData_android.accounts.AccountManager_getAccountsByType', 'API_DeviceData_android.accounts.AccountManager_getAccounts', 'API_DeviceData_android.location.Location_getLatitude', 'API_DeviceData_android.location.Location_getLongitude', 'API_DeviceData_android.media.AudioRecord_startRecording', 'API_DeviceData_android.media.MediaRecorder_start', 'API_DeviceData_android.os.SystemProperties_get', 'API_DeviceData_android.app.ApplicationPackageManager_getInstalledPackages', 'API__sessions', 'Network_TotalReceivedBytes', 'Network_TotalReceivedPackets', 'Network_TotalTransmittedBytes', 'Network_TotalTransmittedPackets', 'Battery_wakelock', 'Battery_service', 'Logcat_info', 'Logcat_error', 'Logcat_warning', 'Logcat_debug', 'Logcat_verbose', 'Logcat_total', 'Process_total', 'Reboot_before']}, 'hyperParameters': {0: '{}'}, 'timeToFit': {0: 0.001750946044921875}, 'timeToPredict': {0: 0.00016117095947265625}, 'accuracy_val': {0: 0.22602594088879438}, 'accuracy_test': {0: -1}, 'precision_val': {0: 0.05108772595466477}, 'precision_test': {0: -1}, 'recall_val': {0: 0.22602594088879438}, 'recall_test': {0: -1}, 'f1-score_val': {0: 0.08333873574914617}, 'f1-score_test': {0: -1}, 'kappa_val': {0: 0.0}, 'kappa_test': {0: -1}}, {'tree_based': 53099     3
52498     3
42114    11
38536     5
12505     0
         ..
2906      0
33099     7
52857     3
47610     7
7212      0
Length: 1209, dtype: int64, 'naive_bayes': 53099     3
11712     0
5763      0
42114    11
46186     7
         ..
33099     7
52857     3
47610     7
7612      0
36519     5
Length: 3046, dtype: int64, 'feed_forward_neural_network': 53099    3
5763     0
46186    7
12505    0
22423    5
        ..
8398     0
2906     0
17232    9
47610    7
7612     0
Length: 1312, dtype: int64, 'stacking': 53099     3
42114    11
46186     7
41946    10
12505     0
         ..
49826     4
17232     9
33099     7
52857     3
47610     7
Length: 854, dtype: int64, 'baselines': 53099     3
30660     7
24323     5
52498     3
42114    11
         ..
47610     7
20081     5
44394     7
46313     7
36519     5
Length: 3640, dtype: int64}, {'Decision Tree': {'absolute': array([[ 763,   20,   12,   39,   15,   90,    9,   46,   10,    9,   39,
          11],
       [   5,   63,    0,    2,    3,   10,    1,    3,    2,    2,    3,
           1],
       [   4,    0,   22,    0,    1,    5,    2,    2,    0,    1,    0,
           0],
       [  13,    2,    0,   94,    1,    5,    0,    1,    0,    1,    2,
           3],
       [   7,    4,    0,    3,  231,    3,    1,    7,    4,   65,    7,
          16],
       [ 106,   28,   10,   20,    9, 1106,    7,   58,    6,   18,   29,
          17],
       [   7,    2,    2,    2,    1,    2,   64,    1,    0,    2,    2,
           1],
       [  37,   13,    0,    5,   16,   36,    2,  683,    6,   25,   23,
          16],
       [   2,    1,    0,    0,    3,    0,    0,    2,   15,    0,    1,
           1],
       [   6,    2,    0,    3,   37,    6,    0,    3,    1,   93,    3,
           6],
       [  13,    4,    1,    3,    7,   11,    1,   20,    1,    1,  140,
           7],
       [   4,    1,    0,    0,   29,    4,    2,    8,    3,    4,    7,
         220]]), 'relative': array([[71.77798683,  1.88146754,  1.12888053,  3.66886171,  1.41110066,
         8.46660395,  0.8466604 ,  4.32737535,  0.94073377,  0.8466604 ,
         3.66886171,  1.03480715],
       [ 5.26315789, 66.31578947,  0.        ,  2.10526316,  3.15789474,
        10.52631579,  1.05263158,  3.15789474,  2.10526316,  2.10526316,
         3.15789474,  1.05263158],
       [10.81081081,  0.        , 59.45945946,  0.        ,  2.7027027 ,
        13.51351351,  5.40540541,  5.40540541,  0.        ,  2.7027027 ,
         0.        ,  0.        ],
       [10.6557377 ,  1.63934426,  0.        , 77.04918033,  0.81967213,
         4.09836066,  0.        ,  0.81967213,  0.        ,  0.81967213,
         1.63934426,  2.45901639],
       [ 2.01149425,  1.14942529,  0.        ,  0.86206897, 66.37931034,
         0.86206897,  0.28735632,  2.01149425,  1.14942529, 18.67816092,
         2.01149425,  4.59770115],
       [ 7.49646393,  1.98019802,  0.70721358,  1.41442716,  0.63649222,
        78.21782178,  0.4950495 ,  4.10183876,  0.42432815,  1.27298444,
         2.05091938,  1.20226308],
       [ 8.13953488,  2.3255814 ,  2.3255814 ,  2.3255814 ,  1.1627907 ,
         2.3255814 , 74.41860465,  1.1627907 ,  0.        ,  2.3255814 ,
         2.3255814 ,  1.1627907 ],
       [ 4.29234339,  1.50812065,  0.        ,  0.5800464 ,  1.85614849,
         4.17633411,  0.23201856, 79.23433875,  0.69605568,  2.90023202,
         2.66821346,  1.85614849],
       [ 8.        ,  4.        ,  0.        ,  0.        , 12.        ,
         0.        ,  0.        ,  8.        , 60.        ,  0.        ,
         4.        ,  4.        ],
       [ 3.75      ,  1.25      ,  0.        ,  1.875     , 23.125     ,
         3.75      ,  0.        ,  1.875     ,  0.625     , 58.125     ,
         1.875     ,  3.75      ],
       [ 6.22009569,  1.9138756 ,  0.4784689 ,  1.4354067 ,  3.3492823 ,
         5.26315789,  0.4784689 ,  9.56937799,  0.4784689 ,  0.4784689 ,
        66.98564593,  3.3492823 ],
       [ 1.41843972,  0.35460993,  0.        ,  0.        , 10.28368794,
         1.41843972,  0.70921986,  2.83687943,  1.06382979,  1.41843972,
         2.4822695 , 78.0141844 ]])}, 'Naive Bayes': {'absolute': array([[269,  28, 150, 106,  43,  92, 140,  11, 170,  29,  17,   8],
       [  9,  31,  24,   9,   5,   7,   3,   0,   2,   5,   0,   0],
       [  0,   2,  29,   1,   1,   1,   1,   0,   1,   1,   0,   0],
       [  3,   0,  15,  51,  24,   6,  12,   0,   5,   5,   0,   1],
       [  6,   0, 124,   1, 157,   4,   0,   3,  43,   0,   4,   6],
       [ 57,  21, 161, 103,  22, 629, 303,  24,  33,  51,   8,   2],
       [  4,   0,  29,   0,   1,   0,  46,   0,   3,   1,   2,   0],
       [ 15,   7, 226,  41,  22,  38,  59, 317,  47,  59,  21,  10],
       [  1,   0,   8,   0,   4,   0,   3,   0,   6,   1,   2,   0],
       [  4,   0,  52,   9,  58,  15,   2,   0,   9,  10,   1,   0],
       [  7,  12,  75,  13,  33,   6,  12,   1,  14,   2,  32,   2],
       [  0,   0,  28,  59, 105,   2,   2,   2,   1,   0,   3,  80]]), 'relative': array([[25.30573848,  2.63405456, 14.11100659,  9.97177799,  4.04515522,
         8.65475071, 13.17027281,  1.03480715, 15.99247413,  2.72812794,
         1.59924741,  0.75258702],
       [ 9.47368421, 32.63157895, 25.26315789,  9.47368421,  5.26315789,
         7.36842105,  3.15789474,  0.        ,  2.10526316,  5.26315789,
         0.        ,  0.        ],
       [ 0.        ,  5.40540541, 78.37837838,  2.7027027 ,  2.7027027 ,
         2.7027027 ,  2.7027027 ,  0.        ,  2.7027027 ,  2.7027027 ,
         0.        ,  0.        ],
       [ 2.45901639,  0.        , 12.29508197, 41.80327869, 19.67213115,
         4.91803279,  9.83606557,  0.        ,  4.09836066,  4.09836066,
         0.        ,  0.81967213],
       [ 1.72413793,  0.        , 35.63218391,  0.28735632, 45.11494253,
         1.14942529,  0.        ,  0.86206897, 12.35632184,  0.        ,
         1.14942529,  1.72413793],
       [ 4.0311174 ,  1.48514851, 11.38613861,  7.28429986,  1.55586987,
        44.48373409, 21.42857143,  1.69731259,  2.33380481,  3.60678925,
         0.56577086,  0.14144272],
       [ 4.65116279,  0.        , 33.72093023,  0.        ,  1.1627907 ,
         0.        , 53.48837209,  0.        ,  3.48837209,  1.1627907 ,
         2.3255814 ,  0.        ],
       [ 1.74013921,  0.81206497, 26.21809745,  4.75638051,  2.55220418,
         4.40835267,  6.84454756, 36.774942  ,  5.45243619,  6.84454756,
         2.4361949 ,  1.16009281],
       [ 4.        ,  0.        , 32.        ,  0.        , 16.        ,
         0.        , 12.        ,  0.        , 24.        ,  4.        ,
         8.        ,  0.        ],
       [ 2.5       ,  0.        , 32.5       ,  5.625     , 36.25      ,
         9.375     ,  1.25      ,  0.        ,  5.625     ,  6.25      ,
         0.625     ,  0.        ],
       [ 3.3492823 ,  5.74162679, 35.88516746,  6.22009569, 15.78947368,
         2.8708134 ,  5.74162679,  0.4784689 ,  6.69856459,  0.9569378 ,
        15.31100478,  0.9569378 ],
       [ 0.        ,  0.        ,  9.92907801, 20.92198582, 37.23404255,
         0.70921986,  0.70921986,  0.70921986,  0.35460993,  0.        ,
         1.06382979, 28.36879433]])}, 'Feed Forward Neural Network': {'absolute': array([[731,  50,  25,  63,   9,  24,  42,  65,   2,   8,  33,  11],
       [ 13,  51,   2,   7,  10,   4,   2,   1,   0,   0,   1,   4],
       [  1,   0,  33,   0,   0,   0,   0,   3,   0,   0,   0,   0],
       [  0,   1,   0, 107,   1,   0,   2,   9,   0,   0,   1,   1],
       [  0,   4,   0,   0, 275,   1,   3,   4,   3,  12,  17,  29],
       [ 83,  78,  12,  49,  12, 953,  16, 143,   5,   5,  49,   9],
       [  2,   3,   1,   5,   0,   2,  68,   1,   0,   0,   3,   1],
       [ 27,  12,   4,  21,   8,   9,   2, 697,   4,   6,  55,  17],
       [  0,   0,   0,   0,   2,   0,   0,   1,  16,   1,   1,   4],
       [  5,   7,   0,   2,  84,   2,   4,   2,   5,  40,   8,   1],
       [  6,   3,   4,   6,   4,   0,   2,  10,   3,   0, 162,   9],
       [  1,   3,   0,   1,   5,   0,   2,   3,   3,   0,   6, 258]]), 'relative': array([[68.76763876,  4.70366886,  2.35183443,  5.92662277,  0.8466604 ,
         2.25776105,  3.95108184,  6.11476952,  0.18814675,  0.75258702,
         3.10442145,  1.03480715],
       [13.68421053, 53.68421053,  2.10526316,  7.36842105, 10.52631579,
         4.21052632,  2.10526316,  1.05263158,  0.        ,  0.        ,
         1.05263158,  4.21052632],
       [ 2.7027027 ,  0.        , 89.18918919,  0.        ,  0.        ,
         0.        ,  0.        ,  8.10810811,  0.        ,  0.        ,
         0.        ,  0.        ],
       [ 0.        ,  0.81967213,  0.        , 87.70491803,  0.81967213,
         0.        ,  1.63934426,  7.37704918,  0.        ,  0.        ,
         0.81967213,  0.81967213],
       [ 0.        ,  1.14942529,  0.        ,  0.        , 79.02298851,
         0.28735632,  0.86206897,  1.14942529,  0.86206897,  3.44827586,
         4.88505747,  8.33333333],
       [ 5.8698727 ,  5.51626591,  0.84865629,  3.46534653,  0.84865629,
        67.39745403,  1.13154173, 10.11315417,  0.35360679,  0.35360679,
         3.46534653,  0.63649222],
       [ 2.3255814 ,  3.48837209,  1.1627907 ,  5.81395349,  0.        ,
         2.3255814 , 79.06976744,  1.1627907 ,  0.        ,  0.        ,
         3.48837209,  1.1627907 ],
       [ 3.13225058,  1.39211137,  0.46403712,  2.4361949 ,  0.92807425,
         1.04408353,  0.23201856, 80.85846868,  0.46403712,  0.69605568,
         6.38051044,  1.97215777],
       [ 0.        ,  0.        ,  0.        ,  0.        ,  8.        ,
         0.        ,  0.        ,  4.        , 64.        ,  4.        ,
         4.        , 16.        ],
       [ 3.125     ,  4.375     ,  0.        ,  1.25      , 52.5       ,
         1.25      ,  2.5       ,  1.25      ,  3.125     , 25.        ,
         5.        ,  0.625     ],
       [ 2.8708134 ,  1.4354067 ,  1.9138756 ,  2.8708134 ,  1.9138756 ,
         0.        ,  0.9569378 ,  4.784689  ,  1.4354067 ,  0.        ,
        77.51196172,  4.3062201 ],
       [ 0.35460993,  1.06382979,  0.        ,  0.35460993,  1.77304965,
         0.        ,  0.70921986,  1.06382979,  1.06382979,  0.        ,
         2.12765957, 91.4893617 ]])}, 'Stacking': {'absolute': array([[ 900,   10,    3,   17,    1,   87,    2,   21,    2,    1,   14,
           5],
       [  20,   53,    0,    2,    2,   11,    0,    1,    0,    2,    2,
           2],
       [   7,    0,   23,    2,    0,    4,    1,    0,    0,    0,    0,
           0],
       [  12,    0,    0,   90,    0,    9,    0,    8,    0,    1,    1,
           1],
       [   6,    2,    0,    0,  270,   11,    1,    6,    1,   25,    8,
          18],
       [  80,    7,    0,    5,    2, 1250,    1,   46,    2,    8,   10,
           3],
       [  13,    0,    0,    6,    0,    6,   58,    0,    0,    0,    1,
           2],
       [  51,    4,    1,    2,    6,   65,    1,  718,    1,    2,    9,
           2],
       [   1,    0,    0,    0,    4,    1,    0,    2,   12,    2,    0,
           3],
       [  13,    2,    0,    0,   46,    3,    0,    6,    0,   86,    4,
           0],
       [  18,    2,    0,    1,    4,   11,    0,   21,    0,    2,  148,
           2],
       [   7,    1,    0,    0,   21,    4,    0,    6,    0,    0,    2,
         241]]), 'relative': array([[8.46660395e+01, 9.40733772e-01, 2.82220132e-01, 1.59924741e+00,
        9.40733772e-02, 8.18438382e+00, 1.88146754e-01, 1.97554092e+00,
        1.88146754e-01, 9.40733772e-02, 1.31702728e+00, 4.70366886e-01],
       [2.10526316e+01, 5.57894737e+01, 0.00000000e+00, 2.10526316e+00,
        2.10526316e+00, 1.15789474e+01, 0.00000000e+00, 1.05263158e+00,
        0.00000000e+00, 2.10526316e+00, 2.10526316e+00, 2.10526316e+00],
       [1.89189189e+01, 0.00000000e+00, 6.21621622e+01, 5.40540541e+00,
        0.00000000e+00, 1.08108108e+01, 2.70270270e+00, 0.00000000e+00,
        0.00000000e+00, 0.00000000e+00, 0.00000000e+00, 0.00000000e+00],
       [9.83606557e+00, 0.00000000e+00, 0.00000000e+00, 7.37704918e+01,
        0.00000000e+00, 7.37704918e+00, 0.00000000e+00, 6.55737705e+00,
        0.00000000e+00, 8.19672131e-01, 8.19672131e-01, 8.19672131e-01],
       [1.72413793e+00, 5.74712644e-01, 0.00000000e+00, 0.00000000e+00,
        7.75862069e+01, 3.16091954e+00, 2.87356322e-01, 1.72413793e+00,
        2.87356322e-01, 7.18390805e+00, 2.29885057e+00, 5.17241379e+00],
       [5.65770863e+00, 4.95049505e-01, 0.00000000e+00, 3.53606789e-01,
        1.41442716e-01, 8.84016973e+01, 7.07213579e-02, 3.25318246e+00,
        1.41442716e-01, 5.65770863e-01, 7.07213579e-01, 2.12164074e-01],
       [1.51162791e+01, 0.00000000e+00, 0.00000000e+00, 6.97674419e+00,
        0.00000000e+00, 6.97674419e+00, 6.74418605e+01, 0.00000000e+00,
        0.00000000e+00, 0.00000000e+00, 1.16279070e+00, 2.32558140e+00],
       [5.91647332e+00, 4.64037123e-01, 1.16009281e-01, 2.32018561e-01,
        6.96055684e-01, 7.54060325e+00, 1.16009281e-01, 8.32946636e+01,
        1.16009281e-01, 2.32018561e-01, 1.04408353e+00, 2.32018561e-01],
       [4.00000000e+00, 0.00000000e+00, 0.00000000e+00, 0.00000000e+00,
        1.60000000e+01, 4.00000000e+00, 0.00000000e+00, 8.00000000e+00,
        4.80000000e+01, 8.00000000e+00, 0.00000000e+00, 1.20000000e+01],
       [8.12500000e+00, 1.25000000e+00, 0.00000000e+00, 0.00000000e+00,
        2.87500000e+01, 1.87500000e+00, 0.00000000e+00, 3.75000000e+00,
        0.00000000e+00, 5.37500000e+01, 2.50000000e+00, 0.00000000e+00],
       [8.61244019e+00, 9.56937799e-01, 0.00000000e+00, 4.78468900e-01,
        1.91387560e+00, 5.26315789e+00, 0.00000000e+00, 1.00478469e+01,
        0.00000000e+00, 9.56937799e-01, 7.08133971e+01, 9.56937799e-01],
       [2.48226950e+00, 3.54609929e-01, 0.00000000e+00, 0.00000000e+00,
        7.44680851e+00, 1.41843972e+00, 0.00000000e+00, 2.12765957e+00,
        0.00000000e+00, 0.00000000e+00, 7.09219858e-01, 8.54609929e+01]])}, 'Majority Class (baseline)': {'absolute': array([[1063,    0,    0,    0,    0,    0,    0,    0,    0,    0,    0,
           0],
       [  95,    0,    0,    0,    0,    0,    0,    0,    0,    0,    0,
           0],
       [  37,    0,    0,    0,    0,    0,    0,    0,    0,    0,    0,
           0],
       [ 122,    0,    0,    0,    0,    0,    0,    0,    0,    0,    0,
           0],
       [ 348,    0,    0,    0,    0,    0,    0,    0,    0,    0,    0,
           0],
       [1414,    0,    0,    0,    0,    0,    0,    0,    0,    0,    0,
           0],
       [  86,    0,    0,    0,    0,    0,    0,    0,    0,    0,    0,
           0],
       [ 862,    0,    0,    0,    0,    0,    0,    0,    0,    0,    0,
           0],
       [  25,    0,    0,    0,    0,    0,    0,    0,    0,    0,    0,
           0],
       [ 160,    0,    0,    0,    0,    0,    0,    0,    0,    0,    0,
           0],
       [ 209,    0,    0,    0,    0,    0,    0,    0,    0,    0,    0,
           0],
       [ 282,    0,    0,    0,    0,    0,    0,    0,    0,    0,    0,
           0]]), 'relative': array([[100.,   0.,   0.,   0.,   0.,   0.,   0.,   0.,   0.,   0.,   0.,
          0.],
       [100.,   0.,   0.,   0.,   0.,   0.,   0.,   0.,   0.,   0.,   0.,
          0.],
       [100.,   0.,   0.,   0.,   0.,   0.,   0.,   0.,   0.,   0.,   0.,
          0.],
       [100.,   0.,   0.,   0.,   0.,   0.,   0.,   0.,   0.,   0.,   0.,
          0.],
       [100.,   0.,   0.,   0.,   0.,   0.,   0.,   0.,   0.,   0.,   0.,
          0.],
       [100.,   0.,   0.,   0.,   0.,   0.,   0.,   0.,   0.,   0.,   0.,
          0.],
       [100.,   0.,   0.,   0.,   0.,   0.,   0.,   0.,   0.,   0.,   0.,
          0.],
       [100.,   0.,   0.,   0.,   0.,   0.,   0.,   0.,   0.,   0.,   0.,
          0.],
       [100.,   0.,   0.,   0.,   0.,   0.,   0.,   0.,   0.,   0.,   0.,
          0.],
       [100.,   0.,   0.,   0.,   0.,   0.,   0.,   0.,   0.,   0.,   0.,
          0.],
       [100.,   0.,   0.,   0.,   0.,   0.,   0.,   0.,   0.,   0.,   0.,
          0.],
       [100.,   0.,   0.,   0.,   0.,   0.,   0.,   0.,   0.,   0.,   0.,
          0.]])}}, {'tree_based':                                               Feature  Importance
2                                        Memory_Views    0.129885
1                                  Memory_SharedDirty    0.123577
0                                     Memory_PssClean    0.117309
10  API_DeviceData_android.content.ContentResolver...    0.089254
3                                 Memory_ParcelMemory    0.087138
4   API_Binder_android.app.ContextImpl_registerRec...    0.078852
8   API_DeviceInfo_android.telephony.TelephonyMana...    0.076008
9             API_Network_java.net.URL_openConnection    0.068468
5   API_Crypto-Hash_java.security.MessageDigest_di...    0.054304
12                      Network_TotalTransmittedBytes    0.052408
7   API_DeviceInfo_android.telephony.TelephonyMana...    0.047396
11                         Network_TotalReceivedBytes    0.043603
6   API_Crypto-Hash_java.security.MessageDigest_up...    0.031799}), 'in_tuning_runner': None, 'post_tuning_runner': None}
